  [1m[35m (490.3ms)[0m  [1m[35mCREATE DATABASE "RedditRails_development" ENCODING = 'unicode'[0m
  ↳ bin/rails:9
  [1m[35m (131.0ms)[0m  [1m[35mCREATE DATABASE "RedditRails_test" ENCODING = 'unicode'[0m
  ↳ bin/rails:9
  [1m[35m (25.4ms)[0m  [1m[35mCREATE TABLE "schema_migrations" ("version" character varying NOT NULL PRIMARY KEY)[0m
  ↳ bin/rails:9
  [1m[35m (21.4ms)[0m  [1m[35mCREATE TABLE "ar_internal_metadata" ("key" character varying NOT NULL PRIMARY KEY, "value" character varying, "created_at" timestamp NOT NULL, "updated_at" timestamp NOT NULL)[0m
  ↳ bin/rails:9
  [1m[35m (0.3ms)[0m  [1m[34mSELECT pg_try_advisory_lock(4824054739007063385)[0m
  ↳ bin/rails:9
  [1m[35m (0.5ms)[0m  [1m[34mSELECT "schema_migrations"."version" FROM "schema_migrations" ORDER BY "schema_migrations"."version" ASC[0m
  ↳ bin/rails:9
Migrating to CreateUsers (20220408183949)
  [1m[35m (0.2ms)[0m  [1m[35mBEGIN[0m
  ↳ bin/rails:9
  [1m[35m (16.7ms)[0m  [1m[35mCREATE TABLE "users" ("id" bigserial primary key, "username" character varying NOT NULL, "session_token" character varying NOT NULL, "password_digest" character varying NOT NULL, "created_at" timestamp NOT NULL, "updated_at" timestamp NOT NULL)[0m
  ↳ db/migrate/20220408183949_create_users.rb:3
  [1m[35m (10.9ms)[0m  [1m[35mCREATE UNIQUE INDEX  "index_users_on_username" ON "users"  ("username")[0m
  ↳ db/migrate/20220408183949_create_users.rb:10
  [1m[35m (33.3ms)[0m  [1m[35mCREATE UNIQUE INDEX  "index_users_on_session_token" ON "users"  ("session_token")[0m
  ↳ db/migrate/20220408183949_create_users.rb:11
  [1m[36mActiveRecord::SchemaMigration Create (0.6ms)[0m  [1m[32mINSERT INTO "schema_migrations" ("version") VALUES ($1) RETURNING "version"[0m  [["version", "20220408183949"]]
  ↳ bin/rails:9
  [1m[35m (16.8ms)[0m  [1m[35mCOMMIT[0m
  ↳ bin/rails:9
  [1m[36mActiveRecord::InternalMetadata Load (0.9ms)[0m  [1m[34mSELECT  "ar_internal_metadata".* FROM "ar_internal_metadata" WHERE "ar_internal_metadata"."key" = $1 LIMIT $2[0m  [["key", "environment"], ["LIMIT", 1]]
  ↳ bin/rails:9
  [1m[35m (0.2ms)[0m  [1m[35mBEGIN[0m
  ↳ bin/rails:9
  [1m[36mActiveRecord::InternalMetadata Create (0.6ms)[0m  [1m[32mINSERT INTO "ar_internal_metadata" ("key", "value", "created_at", "updated_at") VALUES ($1, $2, $3, $4) RETURNING "key"[0m  [["key", "environment"], ["value", "development"], ["created_at", "2022-04-08 18:41:19.031167"], ["updated_at", "2022-04-08 18:41:19.031167"]]
  ↳ bin/rails:9
  [1m[35m (23.5ms)[0m  [1m[35mCOMMIT[0m
  ↳ bin/rails:9
  [1m[35m (0.4ms)[0m  [1m[34mSELECT pg_advisory_unlock(4824054739007063385)[0m
  ↳ bin/rails:9
  [1m[35m (0.3ms)[0m  [1m[34mSELECT "schema_migrations"."version" FROM "schema_migrations" ORDER BY "schema_migrations"."version" ASC[0m
  ↳ bin/rails:9
  [1m[35m (1.0ms)[0m  [1m[34mSELECT "schema_migrations"."version" FROM "schema_migrations" ORDER BY "schema_migrations"."version" ASC[0m
  ↳ bin/rails:9
  [1m[35m (0.7ms)[0m  [1m[34mSELECT "schema_migrations"."version" FROM "schema_migrations" ORDER BY "schema_migrations"."version" ASC[0m
  ↳ /Users/appacademy/.rbenv/versions/2.5.1/bin/annotate:25
Started GET "/" for ::1 at 2022-04-08 13:40:03 -0700
  [1m[35m (0.7ms)[0m  [1m[34mSELECT "schema_migrations"."version" FROM "schema_migrations" ORDER BY "schema_migrations"."version" ASC[0m
  ↳ /Users/appacademy/.rbenv/versions/2.5.1/lib/ruby/gems/2.5.0/gems/activerecord-5.2.7/lib/active_record/log_subscriber.rb:98
Processing by Rails::WelcomeController#index as HTML
  Rendering /Users/appacademy/.rbenv/versions/2.5.1/lib/ruby/gems/2.5.0/gems/railties-5.2.7/lib/rails/templates/rails/welcome/index.html.erb
  Rendered /Users/appacademy/.rbenv/versions/2.5.1/lib/ruby/gems/2.5.0/gems/railties-5.2.7/lib/rails/templates/rails/welcome/index.html.erb (5.9ms)
Completed 200 OK in 35ms (Views: 19.4ms | ActiveRecord: 0.0ms)


Started GET "/" for ::1 at 2022-04-08 13:40:19 -0700
Processing by Rails::WelcomeController#index as HTML
  Rendering /Users/appacademy/.rbenv/versions/2.5.1/lib/ruby/gems/2.5.0/gems/railties-5.2.7/lib/rails/templates/rails/welcome/index.html.erb
  Rendered /Users/appacademy/.rbenv/versions/2.5.1/lib/ruby/gems/2.5.0/gems/railties-5.2.7/lib/rails/templates/rails/welcome/index.html.erb (3.8ms)
Completed 200 OK in 19ms (Views: 11.6ms | ActiveRecord: 0.0ms)


Started GET "/users" for ::1 at 2022-04-08 13:40:24 -0700
  
ActionController::RoutingError (No route matches [GET] "/users"):
  
actionpack (5.2.7) lib/action_dispatch/middleware/debug_exceptions.rb:65:in `call'
web-console (3.7.0) lib/web_console/middleware.rb:135:in `call_app'
web-console (3.7.0) lib/web_console/middleware.rb:30:in `block in call'
web-console (3.7.0) lib/web_console/middleware.rb:20:in `catch'
web-console (3.7.0) lib/web_console/middleware.rb:20:in `call'
actionpack (5.2.7) lib/action_dispatch/middleware/show_exceptions.rb:33:in `call'
railties (5.2.7) lib/rails/rack/logger.rb:38:in `call_app'
railties (5.2.7) lib/rails/rack/logger.rb:26:in `block in call'
activesupport (5.2.7) lib/active_support/tagged_logging.rb:71:in `block in tagged'
activesupport (5.2.7) lib/active_support/tagged_logging.rb:28:in `tagged'
activesupport (5.2.7) lib/active_support/tagged_logging.rb:71:in `tagged'
railties (5.2.7) lib/rails/rack/logger.rb:26:in `call'
sprockets-rails (3.4.2) lib/sprockets/rails/quiet_assets.rb:13:in `call'
actionpack (5.2.7) lib/action_dispatch/middleware/remote_ip.rb:81:in `call'
actionpack (5.2.7) lib/action_dispatch/middleware/request_id.rb:27:in `call'
rack (2.2.3) lib/rack/method_override.rb:24:in `call'
rack (2.2.3) lib/rack/runtime.rb:22:in `call'
activesupport (5.2.7) lib/active_support/cache/strategy/local_cache_middleware.rb:29:in `call'
actionpack (5.2.7) lib/action_dispatch/middleware/executor.rb:14:in `call'
actionpack (5.2.7) lib/action_dispatch/middleware/static.rb:127:in `call'
rack (2.2.3) lib/rack/sendfile.rb:110:in `call'
railties (5.2.7) lib/rails/engine.rb:524:in `call'
puma (3.12.6) lib/puma/configuration.rb:227:in `call'
puma (3.12.6) lib/puma/server.rb:706:in `handle_request'
puma (3.12.6) lib/puma/server.rb:476:in `process_client'
puma (3.12.6) lib/puma/server.rb:334:in `block in run'
puma (3.12.6) lib/puma/thread_pool.rb:135:in `block in spawn_thread'
Started GET "/users/new" for ::1 at 2022-04-08 13:40:42 -0700
Processing by UsersController#new as HTML
  Rendering users/new.html.erb within layouts/application
  Rendered users/new.html.erb within layouts/application (0.5ms)
Completed 200 OK in 936ms (Views: 913.7ms | ActiveRecord: 4.8ms)


Started GET "/session/new" for ::1 at 2022-04-08 13:40:45 -0700
Processing by SessionsController#new as HTML
  Rendering sessions/new.html.erb within layouts/application
  Rendered sessions/new.html.erb within layouts/application (0.4ms)
Completed 200 OK in 37ms (Views: 35.4ms | ActiveRecord: 0.0ms)


Started GET "/session/new" for ::1 at 2022-04-08 13:41:04 -0700
Processing by SessionsController#new as HTML
  Rendering sessions/new.html.erb within layouts/application
  Rendered sessions/new.html.erb within layouts/application (0.4ms)
Completed 200 OK in 61ms (Views: 60.5ms | ActiveRecord: 0.0ms)


Started GET "/session/new" for ::1 at 2022-04-08 13:46:58 -0700
Processing by SessionsController#new as HTML
  Rendering sessions/new.html.erb within layouts/application
  Rendered sessions/new.html.erb within layouts/application (0.3ms)
Completed 200 OK in 36ms (Views: 35.1ms | ActiveRecord: 0.0ms)


Started GET "/session/new" for ::1 at 2022-04-08 13:47:00 -0700
Processing by SessionsController#new as HTML
  Rendering sessions/new.html.erb within layouts/application
  Rendered sessions/new.html.erb within layouts/application (0.5ms)
Completed 200 OK in 45ms (Views: 44.4ms | ActiveRecord: 0.0ms)


Started GET "/" for ::1 at 2022-04-08 13:47:07 -0700
Processing by Rails::WelcomeController#index as HTML
  Rendering /Users/appacademy/.rbenv/versions/2.5.1/lib/ruby/gems/2.5.0/gems/railties-5.2.7/lib/rails/templates/rails/welcome/index.html.erb
  Rendered /Users/appacademy/.rbenv/versions/2.5.1/lib/ruby/gems/2.5.0/gems/railties-5.2.7/lib/rails/templates/rails/welcome/index.html.erb (4.3ms)
Completed 200 OK in 24ms (Views: 14.0ms | ActiveRecord: 0.0ms)


Started GET "/users/new" for ::1 at 2022-04-08 13:47:11 -0700
Processing by UsersController#new as HTML
  Rendering users/new.html.erb within layouts/application
  Rendered users/new.html.erb within layouts/application (0.7ms)
Completed 200 OK in 47ms (Views: 45.7ms | ActiveRecord: 0.0ms)


Started GET "/users/new" for ::1 at 2022-04-08 13:48:25 -0700
Processing by UsersController#new as HTML
  Rendering users/new.html.erb within layouts/application
  Rendered users/new.html.erb within layouts/application (0.7ms)
Completed 200 OK in 48ms (Views: 47.0ms | ActiveRecord: 0.0ms)


Started POST "/users" for ::1 at 2022-04-08 13:48:36 -0700
Processing by UsersController#create as HTML
  Parameters: {"user"=>{"username"=>"Jiminy", "password"=>"[FILTERED]"}}
Can't verify CSRF token authenticity.
Completed 422 Unprocessable Entity in 1ms (ActiveRecord: 0.0ms)



ActionController::InvalidAuthenticityToken - ActionController::InvalidAuthenticityToken:

Started POST "/__better_errors/ad952d6a83394fb9/variables" for ::1 at 2022-04-08 13:48:36 -0700
Started GET "/users" for ::1 at 2022-04-08 13:50:06 -0700
  
ActionController::RoutingError (No route matches [GET] "/users"):
  
actionpack (5.2.7) lib/action_dispatch/middleware/debug_exceptions.rb:65:in `call'
web-console (3.7.0) lib/web_console/middleware.rb:135:in `call_app'
web-console (3.7.0) lib/web_console/middleware.rb:30:in `block in call'
web-console (3.7.0) lib/web_console/middleware.rb:20:in `catch'
web-console (3.7.0) lib/web_console/middleware.rb:20:in `call'
actionpack (5.2.7) lib/action_dispatch/middleware/show_exceptions.rb:33:in `call'
railties (5.2.7) lib/rails/rack/logger.rb:38:in `call_app'
railties (5.2.7) lib/rails/rack/logger.rb:26:in `block in call'
activesupport (5.2.7) lib/active_support/tagged_logging.rb:71:in `block in tagged'
activesupport (5.2.7) lib/active_support/tagged_logging.rb:28:in `tagged'
activesupport (5.2.7) lib/active_support/tagged_logging.rb:71:in `tagged'
railties (5.2.7) lib/rails/rack/logger.rb:26:in `call'
sprockets-rails (3.4.2) lib/sprockets/rails/quiet_assets.rb:13:in `call'
actionpack (5.2.7) lib/action_dispatch/middleware/remote_ip.rb:81:in `call'
actionpack (5.2.7) lib/action_dispatch/middleware/request_id.rb:27:in `call'
rack (2.2.3) lib/rack/method_override.rb:24:in `call'
rack (2.2.3) lib/rack/runtime.rb:22:in `call'
activesupport (5.2.7) lib/active_support/cache/strategy/local_cache_middleware.rb:29:in `call'
actionpack (5.2.7) lib/action_dispatch/middleware/executor.rb:14:in `call'
actionpack (5.2.7) lib/action_dispatch/middleware/static.rb:127:in `call'
rack (2.2.3) lib/rack/sendfile.rb:110:in `call'
railties (5.2.7) lib/rails/engine.rb:524:in `call'
puma (3.12.6) lib/puma/configuration.rb:227:in `call'
puma (3.12.6) lib/puma/server.rb:706:in `handle_request'
puma (3.12.6) lib/puma/server.rb:476:in `process_client'
puma (3.12.6) lib/puma/server.rb:334:in `block in run'
puma (3.12.6) lib/puma/thread_pool.rb:135:in `block in spawn_thread'
Started GET "/users/new" for ::1 at 2022-04-08 13:50:12 -0700
Processing by UsersController#new as HTML
  Rendering users/new.html.erb within layouts/application
  Rendered users/new.html.erb within layouts/application (1.2ms)
Completed 200 OK in 86ms (Views: 85.4ms | ActiveRecord: 0.0ms)


Started POST "/users" for ::1 at 2022-04-08 13:50:21 -0700
Processing by UsersController#create as HTML
  Parameters: {"authenticity_token"=>"bL8Bvf8PN1uncHtOmcui2Z0GlWCGJ0e6RgRXear2RqwcxIq10752uYF79TzSsyzPSieA3qsidqUqm39l8DWhoA==", "user"=>{"username"=>"Anders", "password"=>"[FILTERED]"}}
  [1m[35m (0.2ms)[0m  [1m[35mBEGIN[0m
  ↳ app/controllers/users_controller.rb:15
  [1m[36mUser Exists (13.4ms)[0m  [1m[34mSELECT  1 AS one FROM "users" WHERE "users"."username" = $1 LIMIT $2[0m  [["username", "Anders"], ["LIMIT", 1]]
  ↳ app/controllers/users_controller.rb:15
  [1m[36mUser Exists (1.0ms)[0m  [1m[34mSELECT  1 AS one FROM "users" WHERE "users"."session_token" = $1 LIMIT $2[0m  [["session_token", "F6QSSIfyHzJkjm0OIehqag"], ["LIMIT", 1]]
  ↳ app/controllers/users_controller.rb:15
  [1m[36mUser Create (8.8ms)[0m  [1m[32mINSERT INTO "users" ("username", "session_token", "password_digest", "created_at", "updated_at") VALUES ($1, $2, $3, $4, $5) RETURNING "id"[0m  [["username", "Anders"], ["session_token", "F6QSSIfyHzJkjm0OIehqag"], ["password_digest", "$2a$12$QSmlDawq9.DnANY9F8j9G.xPutRMIFXqBjX4zCgygnW0qUuTz.sfi"], ["created_at", "2022-04-08 20:50:22.100427"], ["updated_at", "2022-04-08 20:50:22.100427"]]
  ↳ app/controllers/users_controller.rb:15
  [1m[35m (1.0ms)[0m  [1m[35mCOMMIT[0m
  ↳ app/controllers/users_controller.rb:15
Redirected to http://localhost:3000/users/1
Completed 302 Found in 384ms (ActiveRecord: 24.4ms)


Started GET "/users/1" for ::1 at 2022-04-08 13:50:22 -0700
Processing by UsersController#show as HTML
  Parameters: {"id"=>"1"}
  [1m[36mUser Load (0.3ms)[0m  [1m[34mSELECT  "users".* FROM "users" WHERE "users"."id" = $1 LIMIT $2[0m  [["id", 1], ["LIMIT", 1]]
  ↳ app/controllers/users_controller.rb:9
Completed 500 Internal Server Error in 33ms (ActiveRecord: 0.6ms)



ActionView::MissingTemplate - Missing template users/show, application/show with {:locale=>[:en], :formats=>[:html], :variants=>[], :handlers=>[:raw, :erb, :html, :builder, :ruby, :coffee, :jbuilder]}. Searched in:
  * "/Users/appacademy/Desktop/W7D5/RedditRails/app/views":
  app/controllers/users_controller.rb:10:in `show'

Started POST "/__better_errors/4547b3a3046e81f0/variables" for ::1 at 2022-04-08 13:50:22 -0700
Started GET "/" for ::1 at 2022-04-08 13:52:43 -0700
Processing by Rails::WelcomeController#index as HTML
  Rendering /Users/appacademy/.rbenv/versions/2.5.1/lib/ruby/gems/2.5.0/gems/railties-5.2.7/lib/rails/templates/rails/welcome/index.html.erb
  Rendered /Users/appacademy/.rbenv/versions/2.5.1/lib/ruby/gems/2.5.0/gems/railties-5.2.7/lib/rails/templates/rails/welcome/index.html.erb (5.1ms)
Completed 200 OK in 26ms (Views: 13.1ms | ActiveRecord: 0.0ms)


Started GET "/users/new" for ::1 at 2022-04-08 13:52:47 -0700
Processing by UsersController#new as HTML
  Rendering users/new.html.erb within layouts/application
  Rendered users/new.html.erb within layouts/application (1.3ms)
Completed 200 OK in 38ms (Views: 36.9ms | ActiveRecord: 0.0ms)


Started POST "/users" for ::1 at 2022-04-08 13:52:56 -0700
Processing by UsersController#create as HTML
  Parameters: {"authenticity_token"=>"ihaWV3peVFdb/VBrJq2+oX5vGQuPbkELIb1lSlklZqn6bR1fVu8VtX323hlt1TC3qU4MtaJrcBRNIk1WA+aBpQ==", "user"=>{"username"=>"Keenan", "password"=>"[FILTERED]"}}
  [1m[35m (0.2ms)[0m  [1m[35mBEGIN[0m
  ↳ app/controllers/users_controller.rb:15
  [1m[36mUser Exists (0.4ms)[0m  [1m[34mSELECT  1 AS one FROM "users" WHERE "users"."username" = $1 LIMIT $2[0m  [["username", "Keenan"], ["LIMIT", 1]]
  ↳ app/controllers/users_controller.rb:15
  [1m[36mUser Exists (0.3ms)[0m  [1m[34mSELECT  1 AS one FROM "users" WHERE "users"."session_token" = $1 LIMIT $2[0m  [["session_token", "C_Sp1q3KrhOhezZ2MxACAg"], ["LIMIT", 1]]
  ↳ app/controllers/users_controller.rb:15
  [1m[36mUser Create (0.3ms)[0m  [1m[32mINSERT INTO "users" ("username", "session_token", "password_digest", "created_at", "updated_at") VALUES ($1, $2, $3, $4, $5) RETURNING "id"[0m  [["username", "Keenan"], ["session_token", "C_Sp1q3KrhOhezZ2MxACAg"], ["password_digest", "$2a$12$NU2sWhyjXCeJAeEL7A9zhe/iGyMR.Q4.I4wUVqWf4G4rfj7rdPAwq"], ["created_at", "2022-04-08 20:52:57.312839"], ["updated_at", "2022-04-08 20:52:57.312839"]]
  ↳ app/controllers/users_controller.rb:15
  [1m[35m (2.1ms)[0m  [1m[35mCOMMIT[0m
  ↳ app/controllers/users_controller.rb:15
Redirected to http://localhost:3000/users/2
Completed 302 Found in 318ms (ActiveRecord: 3.4ms)


Started GET "/users/2" for ::1 at 2022-04-08 13:52:57 -0700
Processing by UsersController#show as HTML
  Parameters: {"id"=>"2"}
  [1m[36mUser Load (0.5ms)[0m  [1m[34mSELECT  "users".* FROM "users" WHERE "users"."id" = $1 LIMIT $2[0m  [["id", 2], ["LIMIT", 1]]
  ↳ app/controllers/users_controller.rb:9
  Rendering users/show.html.erb within layouts/application
  Rendered users/show.html.erb within layouts/application (0.5ms)
Completed 200 OK in 35ms (Views: 32.6ms | ActiveRecord: 0.5ms)


Started GET "/session/new" for ::1 at 2022-04-08 13:59:00 -0700
Processing by SessionsController#new as HTML
  Rendering sessions/new.html.erb within layouts/application
  Rendered sessions/new.html.erb within layouts/application (5.3ms)
Completed 500 Internal Server Error in 15ms (ActiveRecord: 0.0ms)



NoMethodError - undefined method `username' for nil:NilClass:
  app/views/sessions/new.html.erb:6:in `_app_views_sessions_new_html_erb__515547904792155909_70131761557280'
  app/controllers/sessions_controller.rb:4:in `new'

Started POST "/__better_errors/36710b2ef18faed3/variables" for ::1 at 2022-04-08 13:59:00 -0700
Started GET "/session/new" for ::1 at 2022-04-08 13:59:34 -0700
Processing by SessionsController#new as HTML
  Rendering sessions/new.html.erb within layouts/application
  Rendered sessions/new.html.erb within layouts/application (1.7ms)
Completed 200 OK in 92ms (Views: 90.2ms | ActiveRecord: 0.0ms)


Started POST "/session" for ::1 at 2022-04-08 13:59:55 -0700
Processing by SessionsController#create as HTML
  Parameters: {"user"=>{"username"=>"Keenan", "password"=>"[FILTERED]"}}
Can't verify CSRF token authenticity.
Completed 422 Unprocessable Entity in 2ms (ActiveRecord: 0.0ms)



ActionController::InvalidAuthenticityToken - ActionController::InvalidAuthenticityToken:

Started POST "/__better_errors/727ab5e43420d7df/variables" for ::1 at 2022-04-08 13:59:56 -0700
Started GET "/users/2" for ::1 at 2022-04-08 14:00:22 -0700
Processing by UsersController#show as HTML
  Parameters: {"id"=>"2"}
  [1m[36mUser Load (0.9ms)[0m  [1m[34mSELECT  "users".* FROM "users" WHERE "users"."id" = $1 LIMIT $2[0m  [["id", 2], ["LIMIT", 1]]
  ↳ app/controllers/users_controller.rb:9
  Rendering users/show.html.erb within layouts/application
  Rendered users/show.html.erb within layouts/application (0.4ms)
Completed 200 OK in 53ms (Views: 48.0ms | ActiveRecord: 1.1ms)


Started GET "/session/new" for ::1 at 2022-04-08 14:00:23 -0700
Processing by SessionsController#new as HTML
  Rendering sessions/new.html.erb within layouts/application
  Rendered sessions/new.html.erb within layouts/application (1.0ms)
Completed 200 OK in 57ms (Views: 56.1ms | ActiveRecord: 0.0ms)


Started POST "/session" for ::1 at 2022-04-08 14:00:28 -0700
Processing by SessionsController#create as HTML
  Parameters: {"authenticity_token"=>"qiVZJ0j43qFLte3Gihqhv2mzcCBemFfFUw9IqeCHVADaXtIvZEmfQ22+Y7TBYi+pvpJlnnOdZto/kGC1ukSzDA==", "user"=>{"username"=>"Keenan", "password"=>"[FILTERED]"}}
  [1m[36mUser Load (1.6ms)[0m  [1m[34mSELECT  "users".* FROM "users" WHERE "users"."username" = $1 LIMIT $2[0m  [["username", "Keenan"], ["LIMIT", 1]]
  ↳ app/models/user.rb:24
Redirected to http://localhost:3000/users/2
Completed 302 Found in 319ms (ActiveRecord: 1.6ms)


Started GET "/users/2" for ::1 at 2022-04-08 14:00:28 -0700
Processing by UsersController#show as HTML
  Parameters: {"id"=>"2"}
  [1m[36mUser Load (0.4ms)[0m  [1m[34mSELECT  "users".* FROM "users" WHERE "users"."id" = $1 LIMIT $2[0m  [["id", 2], ["LIMIT", 1]]
  ↳ app/controllers/users_controller.rb:9
  Rendering users/show.html.erb within layouts/application
  Rendered users/show.html.erb within layouts/application (0.4ms)
Completed 200 OK in 44ms (Views: 41.8ms | ActiveRecord: 0.4ms)


  [1m[35m (0.3ms)[0m  [1m[34mSELECT pg_try_advisory_lock(4824054739007063385)[0m
  ↳ bin/rails:9
  [1m[35m (0.7ms)[0m  [1m[34mSELECT "schema_migrations"."version" FROM "schema_migrations" ORDER BY "schema_migrations"."version" ASC[0m
  ↳ bin/rails:9
Migrating to CreateSubs (20220408210117)
  [1m[35m (0.2ms)[0m  [1m[35mBEGIN[0m
  ↳ bin/rails:9
  [1m[35m (24.0ms)[0m  [1m[35mCREATE TABLE "subs" ("id" bigserial primary key, "title" character varying NOT NULL, "description" text NOT NULL, "mod_id" integer NOT NULL, "created_at" timestamp NOT NULL, "updated_at" timestamp NOT NULL)[0m
  ↳ db/migrate/20220408210117_create_subs.rb:3
  [1m[35m (1.4ms)[0m  [1m[35mCREATE  INDEX  "index_subs_on_mod_id" ON "subs"  ("mod_id")[0m
  ↳ db/migrate/20220408210117_create_subs.rb:10
  [1m[36mActiveRecord::SchemaMigration Create (1.1ms)[0m  [1m[32mINSERT INTO "schema_migrations" ("version") VALUES ($1) RETURNING "version"[0m  [["version", "20220408210117"]]
  ↳ bin/rails:9
  [1m[35m (1.5ms)[0m  [1m[35mCOMMIT[0m
  ↳ bin/rails:9
  [1m[36mActiveRecord::InternalMetadata Load (0.7ms)[0m  [1m[34mSELECT  "ar_internal_metadata".* FROM "ar_internal_metadata" WHERE "ar_internal_metadata"."key" = $1 LIMIT $2[0m  [["key", "environment"], ["LIMIT", 1]]
  ↳ bin/rails:9
  [1m[35m (0.2ms)[0m  [1m[35mBEGIN[0m
  ↳ bin/rails:9
  [1m[35m (0.2ms)[0m  [1m[35mCOMMIT[0m
  ↳ bin/rails:9
  [1m[35m (0.4ms)[0m  [1m[34mSELECT pg_advisory_unlock(4824054739007063385)[0m
  ↳ bin/rails:9
  [1m[35m (0.5ms)[0m  [1m[34mSELECT "schema_migrations"."version" FROM "schema_migrations" ORDER BY "schema_migrations"."version" ASC[0m
  ↳ bin/rails:9
  [1m[35m (0.7ms)[0m  [1m[34mSELECT "schema_migrations"."version" FROM "schema_migrations" ORDER BY "schema_migrations"."version" ASC[0m
  ↳ /Users/appacademy/.rbenv/versions/2.5.1/bin/annotate:25
Started GET "/subs/new" for ::1 at 2022-04-08 14:44:28 -0700
  [1m[35m (1.1ms)[0m  [1m[34mSELECT "schema_migrations"."version" FROM "schema_migrations" ORDER BY "schema_migrations"."version" ASC[0m
  ↳ /Users/appacademy/.rbenv/versions/2.5.1/lib/ruby/gems/2.5.0/gems/activerecord-5.2.7/lib/active_record/log_subscriber.rb:98

SyntaxError - syntax error, unexpected tIDENTIFIER, expecting keyword_end
..._action :require_logged_in only: [:edit]
...                           ^~~~:
  app/controllers/subs_controller.rb:3:in `'

Started POST "/__better_errors/889122189fb915a5/variables" for ::1 at 2022-04-08 14:44:28 -0700
Started GET "/subs/new" for ::1 at 2022-04-08 14:44:52 -0700
Processing by SubsController#new as HTML
  Rendering subs/new.html.erb within layouts/application
  Rendered subs/new.html.erb within layouts/application (17.9ms)
Completed 500 Internal Server Error in 43ms (ActiveRecord: 0.0ms)



NoMethodError - undefined method `title' for nil:NilClass:
  app/views/subs/new.html.erb:6:in `_app_views_subs_new_html_erb___174182260866980110_70131760106100'

Started POST "/__better_errors/2faaeb2d31f74154/variables" for ::1 at 2022-04-08 14:44:52 -0700
Started GET "/subs/new" for ::1 at 2022-04-08 14:46:30 -0700
Processing by SubsController#new as HTML
  Rendering subs/new.html.erb within layouts/application
  Rendered subs/new.html.erb within layouts/application (0.7ms)
Completed 200 OK in 343ms (Views: 335.8ms | ActiveRecord: 0.0ms)


Started GET "/subs/new" for ::1 at 2022-04-08 14:46:44 -0700
Processing by SubsController#new as HTML
  Rendering subs/new.html.erb within layouts/application
  Rendered subs/new.html.erb within layouts/application (0.9ms)
Completed 200 OK in 72ms (Views: 63.2ms | ActiveRecord: 0.0ms)


Started GET "/subs/new" for ::1 at 2022-04-08 14:47:37 -0700
Processing by SubsController#new as HTML
  Rendering subs/new.html.erb within layouts/application
  Rendered subs/new.html.erb within layouts/application (0.7ms)
Completed 200 OK in 45ms (Views: 40.3ms | ActiveRecord: 0.0ms)


Started POST "/subs" for ::1 at 2022-04-08 14:47:56 -0700
Processing by SubsController#create as HTML
  Parameters: {"authenticity_token"=>"GRHqDQ53OcgYPro98R802YoTaYAy/x7cqSGuzjS0/r5pamEFIsZ4Kj41NE+6Z7rPXTJ8Ph/6L8PFvobSbncZsg==", "sub"=>{"title"=>"Anders is literally a god thought?", "description"=>" a good post"}}
Completed 500 Internal Server Error in 341ms (ActiveRecord: 0.0ms)



NameError - undefined local variable or method `sub_params' for #<SubsController:0x00007f91a5785df0>
Did you mean?  @_params:
  app/controllers/subs_controller.rb:15:in `create'

Started POST "/__better_errors/d70e800370728dc8/variables" for ::1 at 2022-04-08 14:47:57 -0700
Started POST "/subs" for ::1 at 2022-04-08 14:50:05 -0700
Processing by SubsController#create as HTML
  Parameters: {"authenticity_token"=>"GRHqDQ53OcgYPro98R802YoTaYAy/x7cqSGuzjS0/r5pamEFIsZ4Kj41NE+6Z7rPXTJ8Ph/6L8PFvobSbncZsg==", "sub"=>{"title"=>"Anders is literally a god thought?", "description"=>" a good post"}}
  [1m[36mUser Load (0.7ms)[0m  [1m[34mSELECT  "users".* FROM "users" WHERE "users"."session_token" = $1 LIMIT $2[0m  [["session_token", "Nl6PGFhWSP-tMD9YdFHYYg"], ["LIMIT", 1]]
  ↳ app/controllers/application_controller.rb:5
Completed 500 Internal Server Error in 35ms (ActiveRecord: 9.8ms)



NoMethodError - undefined method `id' for nil:NilClass:
  app/controllers/subs_controller.rb:16:in `create'

Started POST "/__better_errors/e4f7a3902d1866e6/variables" for ::1 at 2022-04-08 14:50:05 -0700
Started GET "/subs/new" for ::1 at 2022-04-08 14:51:26 -0700
Processing by SubsController#new as HTML
  Rendering subs/new.html.erb within layouts/application
  Rendered subs/new.html.erb within layouts/application (1.1ms)
Completed 200 OK in 51ms (Views: 46.8ms | ActiveRecord: 0.0ms)


Started POST "/subs" for ::1 at 2022-04-08 14:51:48 -0700
Processing by SubsController#create as HTML
  Parameters: {"authenticity_token"=>"qQxCSFdSb+ulesOCO5TO094cfoTz6B29WF+/5W//KGHZd8lAe+MuCYNxTfBw7EDFCT1rOt7tLKI0wJf5NTzPbQ==", "sub"=>{"title"=>"Junk sub", "description"=>"Junk Junk Junk Junk "}}
  [1m[36mUser Load (0.7ms)[0m  [1m[34mSELECT  "users".* FROM "users" WHERE "users"."session_token" = $1 LIMIT $2[0m  [["session_token", "Nl6PGFhWSP-tMD9YdFHYYg"], ["LIMIT", 1]]
  ↳ app/controllers/application_controller.rb:5
Completed 500 Internal Server Error in 7ms (ActiveRecord: 0.7ms)



NoMethodError - undefined method `id' for nil:NilClass:
  app/controllers/subs_controller.rb:16:in `create'

Started POST "/__better_errors/f4bc36dccabb9457/variables" for ::1 at 2022-04-08 14:51:48 -0700
Started GET "/session/new" for ::1 at 2022-04-08 14:52:45 -0700
Processing by SessionsController#new as HTML
  Rendering sessions/new.html.erb within layouts/application
  Rendered sessions/new.html.erb within layouts/application (0.7ms)
Completed 200 OK in 36ms (Views: 35.6ms | ActiveRecord: 0.0ms)


Started POST "/session" for ::1 at 2022-04-08 14:53:26 -0700
Processing by SessionsController#create as HTML
  Parameters: {"authenticity_token"=>"a7c5VFvZ/PiBUYb71IkazAw7MlhU2eMjIdUrQbnIihcbzLJcd2i9GqdaCImf8ZTa2xon5nnc0jxNSgNd4wttGw==", "user"=>{"username"=>"Anders", "password"=>"[FILTERED]"}}
  [1m[36mUser Load (0.3ms)[0m  [1m[34mSELECT  "users".* FROM "users" WHERE "users"."username" = $1 LIMIT $2[0m  [["username", "Anders"], ["LIMIT", 1]]
  ↳ app/models/user.rb:29
Redirected to http://localhost:3000/users/1
Completed 302 Found in 320ms (ActiveRecord: 4.5ms)


Started GET "/users/1" for ::1 at 2022-04-08 14:53:26 -0700
Processing by UsersController#show as HTML
  Parameters: {"id"=>"1"}
  [1m[36mUser Load (0.4ms)[0m  [1m[34mSELECT  "users".* FROM "users" WHERE "users"."id" = $1 LIMIT $2[0m  [["id", 1], ["LIMIT", 1]]
  ↳ app/controllers/users_controller.rb:9
  Rendering users/show.html.erb within layouts/application
  Rendered users/show.html.erb within layouts/application (0.5ms)
Completed 200 OK in 51ms (Views: 47.9ms | ActiveRecord: 0.4ms)


Started GET "/subs/new" for ::1 at 2022-04-08 14:53:40 -0700
Processing by SubsController#new as HTML
  Rendering subs/new.html.erb within layouts/application
  Rendered subs/new.html.erb within layouts/application (1.0ms)
Completed 200 OK in 52ms (Views: 48.7ms | ActiveRecord: 0.0ms)


Started POST "/subs" for ::1 at 2022-04-08 14:53:52 -0700
Processing by SubsController#create as HTML
  Parameters: {"authenticity_token"=>"dIHcaFyh/sidUvxbdM36kdzwcYGbb3IskyK7U/g5SoUE+ldgcBC/KrtZcik/tXSHC9FkP7ZqQzP/vZNPovqtiQ==", "sub"=>{"title"=>"Another junk", "description"=>"Junky Junky "}}
  [1m[36mUser Load (0.5ms)[0m  [1m[34mSELECT  "users".* FROM "users" WHERE "users"."session_token" = $1 LIMIT $2[0m  [["session_token", "LYI33BNuu3Gc2dRnqDUeoQ"], ["LIMIT", 1]]
  ↳ app/controllers/application_controller.rb:5
Redirected to http://localhost:3000/session/new
Filter chain halted as :require_logged_in rendered or redirected
Completed 302 Found in 4ms (ActiveRecord: 0.5ms)


Started GET "/session/new" for ::1 at 2022-04-08 14:53:52 -0700
Processing by SessionsController#new as HTML
  Rendering sessions/new.html.erb within layouts/application
  Rendered sessions/new.html.erb within layouts/application (1.4ms)
Completed 200 OK in 36ms (Views: 35.1ms | ActiveRecord: 0.0ms)


Started POST "/session" for ::1 at 2022-04-08 14:55:07 -0700
Processing by SessionsController#create as HTML
  Parameters: {"authenticity_token"=>"f+oHbQdDsiIWNfl1IHP8TDfbGMKDVO4L0VM0Zs5aUEgPkYxlK/LzwDA+dwdrC3Ja4PoNfK5R3xS9zBx6lJm3RA==", "user"=>{"username"=>"Anders", "password"=>"[FILTERED]"}}
  [1m[36mUser Load (0.3ms)[0m  [1m[34mSELECT  "users".* FROM "users" WHERE "users"."username" = $1 LIMIT $2[0m  [["username", "Anders"], ["LIMIT", 1]]
  ↳ app/models/user.rb:29
Redirected to http://localhost:3000/users/1
Completed 302 Found in 326ms (ActiveRecord: 3.9ms)


Started GET "/users/1" for ::1 at 2022-04-08 14:55:07 -0700
Processing by UsersController#show as HTML
  Parameters: {"id"=>"1"}
  [1m[36mUser Load (0.4ms)[0m  [1m[34mSELECT  "users".* FROM "users" WHERE "users"."id" = $1 LIMIT $2[0m  [["id", 1], ["LIMIT", 1]]
  ↳ app/controllers/users_controller.rb:9
  Rendering users/show.html.erb within layouts/application
  Rendered users/show.html.erb within layouts/application (0.5ms)
Completed 200 OK in 38ms (Views: 35.3ms | ActiveRecord: 0.4ms)


Started GET "/subs/new" for ::1 at 2022-04-08 14:55:19 -0700
Processing by SubsController#new as HTML
  Rendering subs/new.html.erb within layouts/application
  Rendered subs/new.html.erb within layouts/application (0.8ms)
Completed 200 OK in 50ms (Views: 44.9ms | ActiveRecord: 0.0ms)


Started POST "/subs" for ::1 at 2022-04-08 14:55:29 -0700
Processing by SubsController#create as HTML
  Parameters: {"authenticity_token"=>"S+WaQoxF//IJ2ySvM67h+/L25k7iizsw5YyXCIPzIfs7nhFKoPS+EC/Qqt141m/tJdfz8M+OCi+JE78U2TDG9w==", "sub"=>{"title"=>"Another junk", "description"=>"junk "}}
  [1m[36mUser Load (0.4ms)[0m  [1m[34mSELECT  "users".* FROM "users" WHERE "users"."session_token" = $1 LIMIT $2[0m  [["session_token", "Elems8QwilC63QlBCFKVgA"], ["LIMIT", 1]]
  ↳ app/controllers/application_controller.rb:5
Completed 500 Internal Server Error in 21ms (ActiveRecord: 4.5ms)



NoMethodError - undefined method `id' for nil:NilClass:
  app/controllers/subs_controller.rb:16:in `create'

Started POST "/__better_errors/d35646d858d0765e/variables" for ::1 at 2022-04-08 14:55:29 -0700
Started POST "/subs" for ::1 at 2022-04-08 14:57:08 -0700
Processing by SubsController#create as HTML
  Parameters: {"authenticity_token"=>"S+WaQoxF//IJ2ySvM67h+/L25k7iizsw5YyXCIPzIfs7nhFKoPS+EC/Qqt141m/tJdfz8M+OCi+JE78U2TDG9w==", "sub"=>{"title"=>"Another junk", "description"=>"junk "}}
  [1m[36mUser Load (0.4ms)[0m  [1m[34mSELECT  "users".* FROM "users" WHERE "users"."session_token" = $1 LIMIT $2[0m  [["session_token", "Elems8QwilC63QlBCFKVgA"], ["LIMIT", 1]]
  ↳ app/controllers/application_controller.rb:5
  [1m[36mCACHE User Load (0.0ms)[0m  [1m[34mSELECT  "users".* FROM "users" WHERE "users"."session_token" = $1 LIMIT $2[0m  [["session_token", "Elems8QwilC63QlBCFKVgA"], ["LIMIT", 1]]
  ↳ app/controllers/application_controller.rb:5
Completed 500 Internal Server Error in 25ms (ActiveRecord: 5.6ms)



NoMethodError - undefined method `id' for nil:NilClass:
  app/controllers/subs_controller.rb:18:in `create'

Started POST "/__better_errors/2812fea3abd478a8/variables" for ::1 at 2022-04-08 14:57:08 -0700
Started POST "/subs" for ::1 at 2022-04-08 14:58:04 -0700
Processing by SubsController#create as HTML
  Parameters: {"authenticity_token"=>"S+WaQoxF//IJ2ySvM67h+/L25k7iizsw5YyXCIPzIfs7nhFKoPS+EC/Qqt141m/tJdfz8M+OCi+JE78U2TDG9w==", "sub"=>{"title"=>"Another junk", "description"=>"junk "}}
  [1m[36mUser Load (0.3ms)[0m  [1m[34mSELECT  "users".* FROM "users" WHERE "users"."session_token" = $1 LIMIT $2[0m  [["session_token", "Elems8QwilC63QlBCFKVgA"], ["LIMIT", 1]]
  ↳ app/controllers/application_controller.rb:5
  [1m[36mCACHE User Load (0.0ms)[0m  [1m[34mSELECT  "users".* FROM "users" WHERE "users"."session_token" = $1 LIMIT $2[0m  [["session_token", "Elems8QwilC63QlBCFKVgA"], ["LIMIT", 1]]
  ↳ app/controllers/application_controller.rb:5
Completed 500 Internal Server Error in 38ms (ActiveRecord: 5.7ms)



NoMethodError - undefined method `id' for nil:NilClass:
  app/controllers/subs_controller.rb:18:in `create'

Started POST "/__better_errors/a49ca97045cd85e1/variables" for ::1 at 2022-04-08 14:58:04 -0700
Started POST "/subs" for ::1 at 2022-04-08 15:10:25 -0700
Processing by SubsController#create as HTML
  Parameters: {"authenticity_token"=>"S+WaQoxF//IJ2ySvM67h+/L25k7iizsw5YyXCIPzIfs7nhFKoPS+EC/Qqt141m/tJdfz8M+OCi+JE78U2TDG9w==", "sub"=>{"title"=>"Another junk", "description"=>"junk "}}
  [1m[36mUser Load (0.8ms)[0m  [1m[34mSELECT  "users".* FROM "users" WHERE "users"."session_token" = $1 LIMIT $2[0m  [["session_token", "Elems8QwilC63QlBCFKVgA"], ["LIMIT", 1]]
  ↳ app/controllers/application_controller.rb:5
Completed 500 Internal Server Error in 63270ms (ActiveRecord: 13.0ms)



SystemExit - exit:
  (byebug):1:in `create'
  app/controllers/subs_controller.rb:17:in `create'

Started POST "/__better_errors/40aa088822e25086/variables" for ::1 at 2022-04-08 15:11:29 -0700
Started GET "/session/new" for ::1 at 2022-04-08 15:11:46 -0700
  [1m[35m (0.7ms)[0m  [1m[34mSELECT "schema_migrations"."version" FROM "schema_migrations" ORDER BY "schema_migrations"."version" ASC[0m
  ↳ /Users/appacademy/.rbenv/versions/2.5.1/lib/ruby/gems/2.5.0/gems/activerecord-5.2.7/lib/active_record/log_subscriber.rb:98
Processing by SessionsController#new as HTML
  Rendering sessions/new.html.erb within layouts/application
  Rendered sessions/new.html.erb within layouts/application (2.1ms)
Completed 200 OK in 392ms (Views: 385.6ms | ActiveRecord: 0.0ms)


Started POST "/session" for ::1 at 2022-04-08 15:11:53 -0700
Processing by SessionsController#create as HTML
  Parameters: {"authenticity_token"=>"2UjEtzqiG0WaWh91VUtbBNA5iZsRLUnSpGNpitsklWmpM0+/FhNap7xRkQceM9USBxicJTwoeM3I/EGWgedyZQ==", "user"=>{"username"=>"Anders", "password"=>"[FILTERED]"}}
  [1m[36mUser Load (0.6ms)[0m  [1m[34mSELECT  "users".* FROM "users" WHERE "users"."username" = $1 LIMIT $2[0m  [["username", "Anders"], ["LIMIT", 1]]
  ↳ app/models/user.rb:29
Redirected to http://localhost:3000/users/1
Completed 302 Found in 355ms (ActiveRecord: 5.2ms)


Started GET "/users/1" for ::1 at 2022-04-08 15:11:54 -0700
Processing by UsersController#show as HTML
  Parameters: {"id"=>"1"}
  [1m[36mUser Load (0.3ms)[0m  [1m[34mSELECT  "users".* FROM "users" WHERE "users"."id" = $1 LIMIT $2[0m  [["id", 1], ["LIMIT", 1]]
  ↳ app/controllers/users_controller.rb:9
  Rendering users/show.html.erb within layouts/application
  Rendered users/show.html.erb within layouts/application (0.5ms)
Completed 200 OK in 67ms (Views: 64.1ms | ActiveRecord: 0.3ms)


Started GET "/users/1" for ::1 at 2022-04-08 15:18:53 -0700
Processing by UsersController#show as HTML
  Parameters: {"id"=>"1"}
  [1m[36mUser Load (0.6ms)[0m  [1m[34mSELECT  "users".* FROM "users" WHERE "users"."id" = $1 LIMIT $2[0m  [["id", 1], ["LIMIT", 1]]
  ↳ app/controllers/users_controller.rb:9
  Rendering users/show.html.erb within layouts/application
  Rendered users/show.html.erb within layouts/application (0.4ms)
  [1m[36mUser Load (0.4ms)[0m  [1m[34mSELECT  "users".* FROM "users" WHERE "users"."session_token" = $1 LIMIT $2[0m  [["session_token", "6qo_oJ68pvqkNUQiCVxB-g"], ["LIMIT", 1]]
  ↳ app/controllers/application_controller.rb:5
Completed 200 OK in 79ms (Views: 52.0ms | ActiveRecord: 8.6ms)


Started GET "/users/1" for ::1 at 2022-04-08 15:18:57 -0700
Processing by UsersController#show as HTML
  Parameters: {"id"=>"1"}
  [1m[36mUser Load (0.8ms)[0m  [1m[34mSELECT  "users".* FROM "users" WHERE "users"."id" = $1 LIMIT $2[0m  [["id", 1], ["LIMIT", 1]]
  ↳ app/controllers/users_controller.rb:9
  Rendering users/show.html.erb within layouts/application
  Rendered users/show.html.erb within layouts/application (0.4ms)
  [1m[36mUser Load (0.4ms)[0m  [1m[34mSELECT  "users".* FROM "users" WHERE "users"."session_token" = $1 LIMIT $2[0m  [["session_token", "6qo_oJ68pvqkNUQiCVxB-g"], ["LIMIT", 1]]
  ↳ app/controllers/application_controller.rb:5
Completed 200 OK in 71ms (Views: 65.7ms | ActiveRecord: 1.2ms)


Started GET "/users/1" for ::1 at 2022-04-08 15:18:57 -0700
Processing by UsersController#show as HTML
  Parameters: {"id"=>"1"}
  [1m[36mUser Load (0.4ms)[0m  [1m[34mSELECT  "users".* FROM "users" WHERE "users"."id" = $1 LIMIT $2[0m  [["id", 1], ["LIMIT", 1]]
  ↳ app/controllers/users_controller.rb:9
  Rendering users/show.html.erb within layouts/application
  Rendered users/show.html.erb within layouts/application (0.5ms)
  [1m[36mUser Load (0.5ms)[0m  [1m[34mSELECT  "users".* FROM "users" WHERE "users"."session_token" = $1 LIMIT $2[0m  [["session_token", "6qo_oJ68pvqkNUQiCVxB-g"], ["LIMIT", 1]]
  ↳ app/controllers/application_controller.rb:5
Completed 200 OK in 43ms (Views: 40.4ms | ActiveRecord: 0.9ms)


Started GET "/session/new" for ::1 at 2022-04-08 15:18:59 -0700
Processing by SessionsController#new as HTML
  Rendering sessions/new.html.erb within layouts/application
  Rendered sessions/new.html.erb within layouts/application (0.9ms)
  [1m[36mUser Load (0.4ms)[0m  [1m[34mSELECT  "users".* FROM "users" WHERE "users"."session_token" = $1 LIMIT $2[0m  [["session_token", "6qo_oJ68pvqkNUQiCVxB-g"], ["LIMIT", 1]]
  ↳ app/controllers/application_controller.rb:5
Completed 200 OK in 35ms (Views: 33.7ms | ActiveRecord: 0.4ms)


Started POST "/session" for ::1 at 2022-04-08 15:19:04 -0700
Processing by SessionsController#create as HTML
  Parameters: {"authenticity_token"=>"Pof9NeS9Say/jKA8qIGRnEPxKCtUGE8b+HLFJ4SQ+PlO/HY9yAwITpmHLk7j+R+KlNA9lXkdfgSU7e073lMf9Q==", "user"=>{"username"=>"Anders", "password"=>"[FILTERED]"}}
  [1m[36mUser Load (0.4ms)[0m  [1m[34mSELECT  "users".* FROM "users" WHERE "users"."username" = $1 LIMIT $2[0m  [["username", "Anders"], ["LIMIT", 1]]
  ↳ app/models/user.rb:29
Redirected to http://localhost:3000/subs
Completed 302 Found in 312ms (ActiveRecord: 0.4ms)


Started GET "/subs" for ::1 at 2022-04-08 15:19:05 -0700
Processing by SubsController#index as HTML
  Rendering subs/index.html.erb within layouts/application
  [1m[36mSub Load (8.3ms)[0m  [1m[34mSELECT "subs".* FROM "subs"[0m
  ↳ app/views/subs/index.html.erb:3
  Rendered subs/index.html.erb within layouts/application (13.1ms)
  [1m[36mUser Load (0.4ms)[0m  [1m[34mSELECT  "users".* FROM "users" WHERE "users"."session_token" = $1 LIMIT $2[0m  [["session_token", "MFXyPzY-G4_rmLcxgR99pQ"], ["LIMIT", 1]]
  ↳ app/controllers/application_controller.rb:5
Completed 200 OK in 60ms (Views: 44.2ms | ActiveRecord: 10.5ms)


Started GET "/subs" for ::1 at 2022-04-08 15:20:00 -0700
Processing by SubsController#index as HTML
  Rendering subs/index.html.erb within layouts/application
  [1m[36mSub Load (0.5ms)[0m  [1m[34mSELECT "subs".* FROM "subs"[0m
  ↳ app/views/subs/index.html.erb:3
  Rendered subs/index.html.erb within layouts/application (2.3ms)
  [1m[36mUser Load (0.4ms)[0m  [1m[34mSELECT  "users".* FROM "users" WHERE "users"."session_token" = $1 LIMIT $2[0m  [["session_token", "MFXyPzY-G4_rmLcxgR99pQ"], ["LIMIT", 1]]
  ↳ app/controllers/application_controller.rb:5
Completed 200 OK in 57ms (Views: 54.9ms | ActiveRecord: 0.9ms)


Started GET "/subs" for ::1 at 2022-04-08 15:20:38 -0700
Processing by SubsController#index as HTML
  Rendering subs/index.html.erb within layouts/application
  [1m[36mSub Load (0.3ms)[0m  [1m[34mSELECT "subs".* FROM "subs"[0m
  ↳ app/views/subs/index.html.erb:3
  Rendered subs/index.html.erb within layouts/application (1.5ms)
Completed 500 Internal Server Error in 16ms (ActiveRecord: 0.3ms)



SyntaxError - syntax error, unexpected ')', expecting keyword_then or ';' or '\n'
..._buffer.append=( if logged_in?);@output_buffer.safe_append='...
...                              ^
/Users/appacademy/Desktop/W7D5/RedditRails/app/views/layouts/application.html.erb:28: syntax error, unexpected keyword_ensure, expecting ')'
          ensure
          ^~~~~~
/Users/appacademy/Desktop/W7D5/RedditRails/app/views/layouts/application.html.erb:30: syntax error, unexpected keyword_end, expecting ')'
          end
          ^~~:
  app/views/layouts/application.html.erb:13:in `'
  app/controllers/subs_controller.rb:6:in `index'

Started POST "/__better_errors/71c2e8bd6d45b127/variables" for ::1 at 2022-04-08 15:20:38 -0700
Started GET "/subs" for ::1 at 2022-04-08 15:20:48 -0700
Processing by SubsController#index as HTML
  Rendering subs/index.html.erb within layouts/application
  [1m[36mSub Load (0.5ms)[0m  [1m[34mSELECT "subs".* FROM "subs"[0m
  ↳ app/views/subs/index.html.erb:3
  Rendered subs/index.html.erb within layouts/application (2.4ms)
  [1m[36mUser Load (0.5ms)[0m  [1m[34mSELECT  "users".* FROM "users" WHERE "users"."session_token" = $1 LIMIT $2[0m  [["session_token", "MFXyPzY-G4_rmLcxgR99pQ"], ["LIMIT", 1]]
  ↳ app/controllers/application_controller.rb:5
  [1m[36mCACHE User Load (0.0ms)[0m  [1m[34mSELECT  "users".* FROM "users" WHERE "users"."session_token" = $1 LIMIT $2[0m  [["session_token", "MFXyPzY-G4_rmLcxgR99pQ"], ["LIMIT", 1]]
  ↳ app/controllers/application_controller.rb:5
Completed 200 OK in 61ms (Views: 59.2ms | ActiveRecord: 1.0ms)


Started GET "/session/new" for ::1 at 2022-04-08 15:21:03 -0700
Processing by SessionsController#new as HTML
  Rendering sessions/new.html.erb within layouts/application
  Rendered sessions/new.html.erb within layouts/application (1.0ms)
  [1m[36mUser Load (0.3ms)[0m  [1m[34mSELECT  "users".* FROM "users" WHERE "users"."session_token" = $1 LIMIT $2[0m  [["session_token", "MFXyPzY-G4_rmLcxgR99pQ"], ["LIMIT", 1]]
  ↳ app/controllers/application_controller.rb:5
  [1m[36mCACHE User Load (0.0ms)[0m  [1m[34mSELECT  "users".* FROM "users" WHERE "users"."session_token" = $1 LIMIT $2[0m  [["session_token", "MFXyPzY-G4_rmLcxgR99pQ"], ["LIMIT", 1]]
  ↳ app/controllers/application_controller.rb:5
Completed 200 OK in 41ms (Views: 39.6ms | ActiveRecord: 0.3ms)


Started POST "/session" for ::1 at 2022-04-08 15:21:10 -0700
Processing by SessionsController#create as HTML
  Parameters: {"authenticity_token"=>"mIxbisLURSdNumDtwVQsHsLEoL0CKVIO7svoAfvGElro99CC7mUExWux7p+KLKIIFeW1Ay8sYxGCVMAdoQX1Vg==", "user"=>{"username"=>"Anders", "password"=>"[FILTERED]"}}
  [1m[36mUser Load (0.5ms)[0m  [1m[34mSELECT  "users".* FROM "users" WHERE "users"."username" = $1 LIMIT $2[0m  [["username", "Anders"], ["LIMIT", 1]]
  ↳ app/models/user.rb:29
Redirected to http://localhost:3000/session/new
Completed 302 Found in 304ms (ActiveRecord: 0.5ms)


Started GET "/session/new" for ::1 at 2022-04-08 15:21:10 -0700
Processing by SessionsController#new as HTML
  Rendering sessions/new.html.erb within layouts/application
  Rendered sessions/new.html.erb within layouts/application (0.8ms)
  [1m[36mUser Load (0.3ms)[0m  [1m[34mSELECT  "users".* FROM "users" WHERE "users"."session_token" = $1 LIMIT $2[0m  [["session_token", "MFXyPzY-G4_rmLcxgR99pQ"], ["LIMIT", 1]]
  ↳ app/controllers/application_controller.rb:5
  [1m[36mCACHE User Load (0.0ms)[0m  [1m[34mSELECT  "users".* FROM "users" WHERE "users"."session_token" = $1 LIMIT $2[0m  [["session_token", "MFXyPzY-G4_rmLcxgR99pQ"], ["LIMIT", 1]]
  ↳ app/controllers/application_controller.rb:5
Completed 200 OK in 47ms (Views: 46.5ms | ActiveRecord: 0.3ms)


Started POST "/session" for ::1 at 2022-04-08 15:21:18 -0700
Processing by SessionsController#create as HTML
  Parameters: {"authenticity_token"=>"sudOQy/snWtl4Ud4Ib9IBNaUqDhtwy2Bn0xDbhWvPjDCnMVLA13ciUPqyQpqx8YSAbW9hkDGHJ7z02tyT2zZPA==", "user"=>{"username"=>"Anders", "password"=>"[FILTERED]"}}
  [1m[36mUser Load (0.4ms)[0m  [1m[34mSELECT  "users".* FROM "users" WHERE "users"."username" = $1 LIMIT $2[0m  [["username", "Anders"], ["LIMIT", 1]]
  ↳ app/models/user.rb:29
Redirected to http://localhost:3000/subs
Completed 302 Found in 301ms (ActiveRecord: 0.4ms)


Started GET "/subs" for ::1 at 2022-04-08 15:21:18 -0700
Processing by SubsController#index as HTML
  Rendering subs/index.html.erb within layouts/application
  [1m[36mSub Load (0.4ms)[0m  [1m[34mSELECT "subs".* FROM "subs"[0m
  ↳ app/views/subs/index.html.erb:3
  Rendered subs/index.html.erb within layouts/application (1.7ms)
  [1m[36mUser Load (0.3ms)[0m  [1m[34mSELECT  "users".* FROM "users" WHERE "users"."session_token" = $1 LIMIT $2[0m  [["session_token", "MDf-P57Dqhh7ezNmuvph5Q"], ["LIMIT", 1]]
  ↳ app/controllers/application_controller.rb:5
  [1m[36mCACHE User Load (0.0ms)[0m  [1m[34mSELECT  "users".* FROM "users" WHERE "users"."session_token" = $1 LIMIT $2[0m  [["session_token", "MDf-P57Dqhh7ezNmuvph5Q"], ["LIMIT", 1]]
  ↳ app/controllers/application_controller.rb:5
Completed 200 OK in 43ms (Views: 41.4ms | ActiveRecord: 0.7ms)


Started GET "/session/new" for ::1 at 2022-04-08 15:21:22 -0700
Processing by SessionsController#new as HTML
  Rendering sessions/new.html.erb within layouts/application
  Rendered sessions/new.html.erb within layouts/application (1.0ms)
  [1m[36mUser Load (0.3ms)[0m  [1m[34mSELECT  "users".* FROM "users" WHERE "users"."session_token" = $1 LIMIT $2[0m  [["session_token", "MDf-P57Dqhh7ezNmuvph5Q"], ["LIMIT", 1]]
  ↳ app/controllers/application_controller.rb:5
  [1m[36mCACHE User Load (0.0ms)[0m  [1m[34mSELECT  "users".* FROM "users" WHERE "users"."session_token" = $1 LIMIT $2[0m  [["session_token", "MDf-P57Dqhh7ezNmuvph5Q"], ["LIMIT", 1]]
  ↳ app/controllers/application_controller.rb:5
Completed 200 OK in 50ms (Views: 48.1ms | ActiveRecord: 0.4ms)


Started POST "/session" for ::1 at 2022-04-08 15:22:25 -0700
Processing by SessionsController#create as HTML
  Parameters: {"authenticity_token"=>"QqDM9R3KddHhYBOuPB35ldDtnXFS5+s1XYInk4MdI2wy20f9MXs0M8drndx3ZXeDB8yIz3/i2ioxHQ+P2d7EYA==", "user"=>{"username"=>"Anders", "password"=>"[FILTERED]"}}
  [1m[36mUser Load (0.3ms)[0m  [1m[34mSELECT  "users".* FROM "users" WHERE "users"."username" = $1 LIMIT $2[0m  [["username", "Anders"], ["LIMIT", 1]]
  ↳ app/models/user.rb:29
  [1m[35m (0.2ms)[0m  [1m[35mBEGIN[0m
  ↳ app/models/user.rb:48
  [1m[36mUser Exists (0.6ms)[0m  [1m[34mSELECT  1 AS one FROM "users" WHERE "users"."username" = $1 AND "users"."id" != $2 LIMIT $3[0m  [["username", "Anders"], ["id", 1], ["LIMIT", 1]]
  ↳ app/models/user.rb:48
  [1m[36mUser Exists (0.4ms)[0m  [1m[34mSELECT  1 AS one FROM "users" WHERE "users"."session_token" = $1 AND "users"."id" != $2 LIMIT $3[0m  [["session_token", "vPgVrfSg6G-g-jn4cucecw"], ["id", 1], ["LIMIT", 1]]
  ↳ app/models/user.rb:48
  [1m[36mUser Update (0.5ms)[0m  [1m[33mUPDATE "users" SET "session_token" = $1, "updated_at" = $2 WHERE "users"."id" = $3[0m  [["session_token", "vPgVrfSg6G-g-jn4cucecw"], ["updated_at", "2022-04-08 22:22:25.426305"], ["id", 1]]
  ↳ app/models/user.rb:48
  [1m[35m (2.7ms)[0m  [1m[35mCOMMIT[0m
  ↳ app/models/user.rb:48
Redirected to http://localhost:3000/subs
Completed 302 Found in 328ms (ActiveRecord: 9.3ms)


Started GET "/subs" for ::1 at 2022-04-08 15:22:25 -0700
Processing by SubsController#index as HTML
  Rendering subs/index.html.erb within layouts/application
  [1m[36mSub Load (0.4ms)[0m  [1m[34mSELECT "subs".* FROM "subs"[0m
  ↳ app/views/subs/index.html.erb:3
  Rendered subs/index.html.erb within layouts/application (3.4ms)
  [1m[36mUser Load (0.3ms)[0m  [1m[34mSELECT  "users".* FROM "users" WHERE "users"."session_token" = $1 LIMIT $2[0m  [["session_token", "vPgVrfSg6G-g-jn4cucecw"], ["LIMIT", 1]]
  ↳ app/controllers/application_controller.rb:5
Completed 200 OK in 40ms (Views: 36.0ms | ActiveRecord: 1.7ms)


Started GET "/subs/new" for ::1 at 2022-04-08 15:23:24 -0700
Processing by SubsController#new as HTML
  Rendering subs/new.html.erb within layouts/application
  Rendered subs/new.html.erb within layouts/application (0.7ms)
  [1m[36mUser Load (0.3ms)[0m  [1m[34mSELECT  "users".* FROM "users" WHERE "users"."session_token" = $1 LIMIT $2[0m  [["session_token", "vPgVrfSg6G-g-jn4cucecw"], ["LIMIT", 1]]
  ↳ app/controllers/application_controller.rb:5
Completed 200 OK in 51ms (Views: 42.0ms | ActiveRecord: 6.0ms)


Started GET "/subs/new" for ::1 at 2022-04-08 15:23:27 -0700
Processing by SubsController#new as HTML
  Rendering subs/new.html.erb within layouts/application
  Rendered subs/new.html.erb within layouts/application (0.9ms)
  [1m[36mUser Load (0.5ms)[0m  [1m[34mSELECT  "users".* FROM "users" WHERE "users"."session_token" = $1 LIMIT $2[0m  [["session_token", "vPgVrfSg6G-g-jn4cucecw"], ["LIMIT", 1]]
  ↳ app/controllers/application_controller.rb:5
Completed 200 OK in 38ms (Views: 33.7ms | ActiveRecord: 0.5ms)


Started GET "/subs/new" for ::1 at 2022-04-08 15:24:50 -0700
Processing by SubsController#new as HTML
  Rendering subs/new.html.erb within layouts/application
  Rendered subs/new.html.erb within layouts/application (0.9ms)
  [1m[36mUser Load (0.4ms)[0m  [1m[34mSELECT  "users".* FROM "users" WHERE "users"."session_token" = $1 LIMIT $2[0m  [["session_token", "vPgVrfSg6G-g-jn4cucecw"], ["LIMIT", 1]]
  ↳ app/controllers/application_controller.rb:5
Completed 200 OK in 58ms (Views: 48.0ms | ActiveRecord: 0.4ms)


Started GET "/users/1" for ::1 at 2022-04-08 15:25:45 -0700
Processing by UsersController#show as HTML
  Parameters: {"id"=>"1"}
  [1m[36mUser Load (0.4ms)[0m  [1m[34mSELECT  "users".* FROM "users" WHERE "users"."id" = $1 LIMIT $2[0m  [["id", 1], ["LIMIT", 1]]
  ↳ app/controllers/users_controller.rb:9
  Rendering users/show.html.erb within layouts/application
  Rendered users/show.html.erb within layouts/application (0.4ms)
  [1m[36mUser Load (0.3ms)[0m  [1m[34mSELECT  "users".* FROM "users" WHERE "users"."session_token" = $1 LIMIT $2[0m  [["session_token", "vPgVrfSg6G-g-jn4cucecw"], ["LIMIT", 1]]
  ↳ app/controllers/application_controller.rb:5
Completed 200 OK in 45ms (Views: 42.0ms | ActiveRecord: 0.7ms)


Started GET "/users/1" for ::1 at 2022-04-08 15:26:33 -0700
Processing by UsersController#show as HTML
  Parameters: {"id"=>"1"}
  [1m[36mUser Load (1.3ms)[0m  [1m[34mSELECT  "users".* FROM "users" WHERE "users"."id" = $1 LIMIT $2[0m  [["id", 1], ["LIMIT", 1]]
  ↳ app/controllers/users_controller.rb:9
  Rendering users/show.html.erb within layouts/application
  Rendered users/show.html.erb within layouts/application (3.8ms)
  [1m[36mUser Load (0.3ms)[0m  [1m[34mSELECT  "users".* FROM "users" WHERE "users"."session_token" = $1 LIMIT $2[0m  [["session_token", "vPgVrfSg6G-g-jn4cucecw"], ["LIMIT", 1]]
  ↳ app/controllers/application_controller.rb:5
Completed 200 OK in 67ms (Views: 59.5ms | ActiveRecord: 1.7ms)


Started GET "/users/1" for ::1 at 2022-04-08 15:30:38 -0700
Processing by UsersController#show as HTML
  Parameters: {"id"=>"1"}
  [1m[36mUser Load (0.3ms)[0m  [1m[34mSELECT  "users".* FROM "users" WHERE "users"."id" = $1 LIMIT $2[0m  [["id", 1], ["LIMIT", 1]]
  ↳ app/controllers/users_controller.rb:9
  Rendering users/show.html.erb within layouts/application
  Rendered users/show.html.erb within layouts/application (0.5ms)
  [1m[36mUser Load (0.3ms)[0m  [1m[34mSELECT  "users".* FROM "users" WHERE "users"."session_token" = $1 LIMIT $2[0m  [["session_token", "vPgVrfSg6G-g-jn4cucecw"], ["LIMIT", 1]]
  ↳ app/controllers/application_controller.rb:5
Completed 200 OK in 93ms (Views: 75.8ms | ActiveRecord: 3.5ms)


Started DELETE "/session" for ::1 at 2022-04-08 15:30:40 -0700
Processing by SessionsController#destroy as HTML
Can't verify CSRF token authenticity.
Completed 422 Unprocessable Entity in 1ms (ActiveRecord: 0.0ms)



ActionController::InvalidAuthenticityToken - ActionController::InvalidAuthenticityToken:

Started POST "/__better_errors/758423be4ae08572/variables" for ::1 at 2022-04-08 15:30:40 -0700
Started DELETE "/session" for ::1 at 2022-04-08 15:31:30 -0700
Processing by SessionsController#destroy as HTML
Can't verify CSRF token authenticity.
Completed 422 Unprocessable Entity in 1ms (ActiveRecord: 0.0ms)



ActionController::InvalidAuthenticityToken - ActionController::InvalidAuthenticityToken:

Started POST "/__better_errors/e57190da1e9638c3/variables" for ::1 at 2022-04-08 15:31:31 -0700
Started DELETE "/session" for ::1 at 2022-04-08 15:32:34 -0700
Processing by SessionsController#destroy as HTML
Can't verify CSRF token authenticity.
Completed 422 Unprocessable Entity in 1ms (ActiveRecord: 0.0ms)



ActionController::InvalidAuthenticityToken - ActionController::InvalidAuthenticityToken:

Started POST "/__better_errors/5e65bef056451515/variables" for ::1 at 2022-04-08 15:32:34 -0700
Started DELETE "/session" for ::1 at 2022-04-08 15:34:22 -0700
Processing by SessionsController#destroy as HTML
Can't verify CSRF token authenticity.
Completed 422 Unprocessable Entity in 1ms (ActiveRecord: 0.0ms)



ActionController::InvalidAuthenticityToken - ActionController::InvalidAuthenticityToken:

Started POST "/__better_errors/ccf09244efc6a155/variables" for ::1 at 2022-04-08 15:34:22 -0700
Started DELETE "/session" for ::1 at 2022-04-08 15:34:52 -0700
  [1m[35m (1.1ms)[0m  [1m[34mSELECT "schema_migrations"."version" FROM "schema_migrations" ORDER BY "schema_migrations"."version" ASC[0m
  ↳ /Users/appacademy/.rbenv/versions/2.5.1/lib/ruby/gems/2.5.0/gems/activerecord-5.2.7/lib/active_record/log_subscriber.rb:98
Processing by SessionsController#destroy as HTML
Can't verify CSRF token authenticity.
Completed 422 Unprocessable Entity in 1ms (ActiveRecord: 0.0ms)



ActionController::InvalidAuthenticityToken - ActionController::InvalidAuthenticityToken:

Started POST "/__better_errors/5b75f6c6a0d43b94/variables" for ::1 at 2022-04-08 15:34:52 -0700
Started GET "/" for ::1 at 2022-04-08 15:34:58 -0700
Processing by Rails::WelcomeController#index as HTML
  Rendering /Users/appacademy/.rbenv/versions/2.5.1/lib/ruby/gems/2.5.0/gems/railties-5.2.7/lib/rails/templates/rails/welcome/index.html.erb
  Rendered /Users/appacademy/.rbenv/versions/2.5.1/lib/ruby/gems/2.5.0/gems/railties-5.2.7/lib/rails/templates/rails/welcome/index.html.erb (5.1ms)
Completed 200 OK in 31ms (Views: 17.9ms | ActiveRecord: 0.0ms)


Started GET "/" for ::1 at 2022-04-08 15:35:05 -0700
Processing by Rails::WelcomeController#index as HTML
  Rendering /Users/appacademy/.rbenv/versions/2.5.1/lib/ruby/gems/2.5.0/gems/railties-5.2.7/lib/rails/templates/rails/welcome/index.html.erb
  Rendered /Users/appacademy/.rbenv/versions/2.5.1/lib/ruby/gems/2.5.0/gems/railties-5.2.7/lib/rails/templates/rails/welcome/index.html.erb (3.8ms)
Completed 200 OK in 20ms (Views: 12.4ms | ActiveRecord: 0.0ms)


Started GET "/users/new" for ::1 at 2022-04-08 15:35:14 -0700
Processing by UsersController#new as HTML
  Rendering users/new.html.erb within layouts/application
  Rendered users/new.html.erb within layouts/application (0.9ms)
  [1m[36mUser Load (1.3ms)[0m  [1m[34mSELECT  "users".* FROM "users" WHERE "users"."session_token" = $1 LIMIT $2[0m  [["session_token", "vPgVrfSg6G-g-jn4cucecw"], ["LIMIT", 1]]
  ↳ app/controllers/application_controller.rb:5
Completed 200 OK in 303ms (Views: 279.2ms | ActiveRecord: 7.0ms)


Started GET "/subs/new" for ::1 at 2022-04-08 15:35:21 -0700
Processing by SubsController#new as HTML
  Rendering subs/new.html.erb within layouts/application
  Rendered subs/new.html.erb within layouts/application (0.7ms)
  [1m[36mUser Load (0.4ms)[0m  [1m[34mSELECT  "users".* FROM "users" WHERE "users"."session_token" = $1 LIMIT $2[0m  [["session_token", "vPgVrfSg6G-g-jn4cucecw"], ["LIMIT", 1]]
  ↳ app/controllers/application_controller.rb:5
Completed 200 OK in 34ms (Views: 30.4ms | ActiveRecord: 0.4ms)


Started POST "/subs" for ::1 at 2022-04-08 15:35:27 -0700
Processing by SubsController#create as HTML
  Parameters: {"authenticity_token"=>"fQNfb9aCn5eSMlDcC6ZBAVGUIJjZNM3V5Hk+lYRODbkNeNRn+jPedbQ53q5A3s8XhrU1JvQx/MqI5haJ3o3qtQ==", "sub"=>{"title"=>"Another junk", "description"=>" sub"}}
Started POST "/subs" for ::1 at 2022-04-08 15:37:35 -0700
Completed 500 Internal Server Error in 127898ms (ActiveRecord: 3.7ms)


Started POST "/subs" for ::1 at 2022-04-08 15:37:35 -0700
Started POST "/subs" for ::1 at 2022-04-08 15:37:35 -0700
Started POST "/subs" for ::1 at 2022-04-08 15:37:35 -0700

SystemExit - exit:
  (byebug):1:in `create'
  app/controllers/subs_controller.rb:17:in `create'

Started POST "/subs" for ::1 at 2022-04-08 15:37:35 -0700
Processing by SubsController#create as HTML
  Parameters: {"authenticity_token"=>"fQNfb9aCn5eSMlDcC6ZBAVGUIJjZNM3V5Hk+lYRODbkNeNRn+jPedbQ53q5A3s8XhrU1JvQx/MqI5haJ3o3qtQ==", "sub"=>{"title"=>"Another junk", "description"=>" sub"}}
Processing by SubsController#create as HTML
Completed 500 Internal Server Error in 7313ms (ActiveRecord: 0.0ms)


  Parameters: {"authenticity_token"=>"fQNfb9aCn5eSMlDcC6ZBAVGUIJjZNM3V5Hk+lYRODbkNeNRn+jPedbQ53q5A3s8XhrU1JvQx/MqI5haJ3o3qtQ==", "sub"=>{"title"=>"Another junk", "description"=>" sub"}}
Processing by SubsController#create as HTML

SystemExit - exit:
  (byebug):1:in `create'
  app/controllers/subs_controller.rb:17:in `create'

  Parameters: {"authenticity_token"=>"fQNfb9aCn5eSMlDcC6ZBAVGUIJjZNM3V5Hk+lYRODbkNeNRn+jPedbQ53q5A3s8XhrU1JvQx/MqI5haJ3o3qtQ==", "sub"=>{"title"=>"Another junk", "description"=>" sub"}}
Started GET "/subs/new" for ::1 at 2022-04-08 15:38:02 -0700
  [1m[35m (0.7ms)[0m  [1m[34mSELECT "schema_migrations"."version" FROM "schema_migrations" ORDER BY "schema_migrations"."version" ASC[0m
  ↳ /Users/appacademy/.rbenv/versions/2.5.1/lib/ruby/gems/2.5.0/gems/activerecord-5.2.7/lib/active_record/log_subscriber.rb:98
Processing by SubsController#new as HTML
  Rendering subs/new.html.erb within layouts/application
  Rendered subs/new.html.erb within layouts/application (1.4ms)
  [1m[36mUser Load (1.2ms)[0m  [1m[34mSELECT  "users".* FROM "users" WHERE "users"."session_token" = $1 LIMIT $2[0m  [["session_token", "vPgVrfSg6G-g-jn4cucecw"], ["LIMIT", 1]]
  ↳ app/controllers/application_controller.rb:5
Completed 200 OK in 316ms (Views: 279.0ms | ActiveRecord: 29.3ms)


Started POST "/session" for ::1 at 2022-04-08 15:38:12 -0700
Processing by SessionsController#create as HTML
  Parameters: {"authenticity_token"=>"1f8pOyVXeIe9z+ofIdHubByYWFrDO3AqVCY4uAr4H+ulhKIzCeY5ZZvEZG1qqWB6y7lN5O4+QTU4uRCkUDv45w=="}
Completed 500 Internal Server Error in 2ms (ActiveRecord: 0.0ms)



NoMethodError - undefined method `[]' for nil:NilClass:
  app/controllers/sessions_controller.rb:8:in `create'

Started POST "/__better_errors/f6d20c874a5dcf0c/variables" for ::1 at 2022-04-08 15:38:12 -0700
Started GET "/" for ::1 at 2022-04-08 15:38:27 -0700
Processing by Rails::WelcomeController#index as HTML
  Rendering /Users/appacademy/.rbenv/versions/2.5.1/lib/ruby/gems/2.5.0/gems/railties-5.2.7/lib/rails/templates/rails/welcome/index.html.erb
  Rendered /Users/appacademy/.rbenv/versions/2.5.1/lib/ruby/gems/2.5.0/gems/railties-5.2.7/lib/rails/templates/rails/welcome/index.html.erb (4.3ms)
Completed 200 OK in 19ms (Views: 12.1ms | ActiveRecord: 0.0ms)


Started GET "/users/new" for ::1 at 2022-04-08 15:38:34 -0700
Processing by UsersController#new as HTML
  Rendering users/new.html.erb within layouts/application
  Rendered users/new.html.erb within layouts/application (1.4ms)
  [1m[36mUser Load (0.4ms)[0m  [1m[34mSELECT  "users".* FROM "users" WHERE "users"."session_token" = $1 LIMIT $2[0m  [["session_token", "vPgVrfSg6G-g-jn4cucecw"], ["LIMIT", 1]]
  ↳ app/controllers/application_controller.rb:5
Completed 200 OK in 63ms (Views: 62.3ms | ActiveRecord: 0.4ms)


Started POST "/session" for ::1 at 2022-04-08 15:38:41 -0700
Processing by SessionsController#create as HTML
  Parameters: {"authenticity_token"=>"w61s5lmvtKnqmdk5PkPLE5pEmGo77FGvw8FbTHITFt2z1ufudR71S8ySV0t1O0UFTWWN1BbpYLCvXnNQKNDx0Q=="}
Completed 500 Internal Server Error in 3ms (ActiveRecord: 0.0ms)



NoMethodError - undefined method `[]' for nil:NilClass:
  app/controllers/sessions_controller.rb:8:in `create'

Started POST "/__better_errors/e5b108d7bc23331b/variables" for ::1 at 2022-04-08 15:38:41 -0700
Started POST "/users" for ::1 at 2022-04-08 15:38:57 -0700
Processing by UsersController#create as HTML
  Parameters: {"authenticity_token"=>"w61s5lmvtKnqmdk5PkPLE5pEmGo77FGvw8FbTHITFt2z1ufudR71S8ySV0t1O0UFTWWN1BbpYLCvXnNQKNDx0Q==", "user"=>{"username"=>"Jerry", "password"=>"[FILTERED]"}}
  [1m[35m (0.2ms)[0m  [1m[35mBEGIN[0m
  ↳ app/controllers/users_controller.rb:15
  [1m[36mUser Exists (0.4ms)[0m  [1m[34mSELECT  1 AS one FROM "users" WHERE "users"."username" = $1 LIMIT $2[0m  [["username", "Jerry"], ["LIMIT", 1]]
  ↳ app/controllers/users_controller.rb:15
  [1m[36mUser Exists (0.5ms)[0m  [1m[34mSELECT  1 AS one FROM "users" WHERE "users"."session_token" = $1 LIMIT $2[0m  [["session_token", "sPceSJqxM7qGXXAMCQVcrA"], ["LIMIT", 1]]
  ↳ app/controllers/users_controller.rb:15
  [1m[36mUser Create (3.2ms)[0m  [1m[32mINSERT INTO "users" ("username", "session_token", "password_digest", "created_at", "updated_at") VALUES ($1, $2, $3, $4, $5) RETURNING "id"[0m  [["username", "Jerry"], ["session_token", "sPceSJqxM7qGXXAMCQVcrA"], ["password_digest", "$2a$12$en7Q9O.gWRtt/SdyqkNuYO8bfn0BWnawEjpp8Tr6mZ6TPQoKFjo5."], ["created_at", "2022-04-08 22:38:57.945316"], ["updated_at", "2022-04-08 22:38:57.945316"]]
  ↳ app/controllers/users_controller.rb:15
  [1m[35m (0.9ms)[0m  [1m[35mCOMMIT[0m
  ↳ app/controllers/users_controller.rb:15
  [1m[35m (0.3ms)[0m  [1m[35mBEGIN[0m
  ↳ app/models/user.rb:48
  [1m[36mUser Exists (0.5ms)[0m  [1m[34mSELECT  1 AS one FROM "users" WHERE "users"."username" = $1 AND "users"."id" != $2 LIMIT $3[0m  [["username", "Jerry"], ["id", 3], ["LIMIT", 1]]
  ↳ app/models/user.rb:48
  [1m[36mUser Exists (0.4ms)[0m  [1m[34mSELECT  1 AS one FROM "users" WHERE "users"."session_token" = $1 AND "users"."id" != $2 LIMIT $3[0m  [["session_token", "rihJ0cdyj34XOkvN2vpR8A"], ["id", 3], ["LIMIT", 1]]
  ↳ app/models/user.rb:48
  [1m[36mUser Update (0.5ms)[0m  [1m[33mUPDATE "users" SET "session_token" = $1, "updated_at" = $2 WHERE "users"."id" = $3[0m  [["session_token", "rihJ0cdyj34XOkvN2vpR8A"], ["updated_at", "2022-04-08 22:38:57.956380"], ["id", 3]]
  ↳ app/models/user.rb:48
  [1m[35m (0.5ms)[0m  [1m[35mCOMMIT[0m
  ↳ app/models/user.rb:48
Redirected to http://localhost:3000/subs
Completed 302 Found in 320ms (ActiveRecord: 7.4ms)


Started GET "/subs" for ::1 at 2022-04-08 15:38:57 -0700
Processing by SubsController#index as HTML
  Rendering subs/index.html.erb within layouts/application
  [1m[36mSub Load (0.7ms)[0m  [1m[34mSELECT "subs".* FROM "subs"[0m
  ↳ app/views/subs/index.html.erb:3
  Rendered subs/index.html.erb within layouts/application (4.7ms)
  [1m[36mUser Load (0.4ms)[0m  [1m[34mSELECT  "users".* FROM "users" WHERE "users"."session_token" = $1 LIMIT $2[0m  [["session_token", "rihJ0cdyj34XOkvN2vpR8A"], ["LIMIT", 1]]
  ↳ app/controllers/application_controller.rb:5
Completed 200 OK in 46ms (Views: 37.5ms | ActiveRecord: 3.0ms)


Started GET "/subs" for ::1 at 2022-04-08 15:39:04 -0700
Processing by SubsController#index as HTML
  Rendering subs/index.html.erb within layouts/application
  [1m[36mSub Load (0.4ms)[0m  [1m[34mSELECT "subs".* FROM "subs"[0m
  ↳ app/views/subs/index.html.erb:3
  Rendered subs/index.html.erb within layouts/application (1.8ms)
  [1m[36mUser Load (0.4ms)[0m  [1m[34mSELECT  "users".* FROM "users" WHERE "users"."session_token" = $1 LIMIT $2[0m  [["session_token", "rihJ0cdyj34XOkvN2vpR8A"], ["LIMIT", 1]]
  ↳ app/controllers/application_controller.rb:5
Completed 200 OK in 37ms (Views: 35.6ms | ActiveRecord: 0.8ms)


Started GET "/subs/new" for ::1 at 2022-04-08 15:39:06 -0700
Processing by SubsController#new as HTML
  Rendering subs/new.html.erb within layouts/application
  Rendered subs/new.html.erb within layouts/application (0.7ms)
  [1m[36mUser Load (0.4ms)[0m  [1m[34mSELECT  "users".* FROM "users" WHERE "users"."session_token" = $1 LIMIT $2[0m  [["session_token", "rihJ0cdyj34XOkvN2vpR8A"], ["LIMIT", 1]]
  ↳ app/controllers/application_controller.rb:5
Completed 200 OK in 36ms (Views: 31.1ms | ActiveRecord: 0.4ms)


Started POST "/subs" for ::1 at 2022-04-08 15:39:21 -0700
Processing by SubsController#create as HTML
  Parameters: {"authenticity_token"=>"tfBmXWkspkFfAuvmrwf1X0IKjALhpE/DnW3z5QT8ysTFi+1VRZ3no3kJZZTkf3tJlSuZvMyhftzx8tv5Xj8tyA==", "sub"=>{"title"=>"Junk", "description"=>"I wish they would stop making that noise "}}
  [1m[36mUser Load (0.9ms)[0m  [1m[34mSELECT  "users".* FROM "users" WHERE "users"."session_token" = $1 LIMIT $2[0m  [["session_token", "rihJ0cdyj34XOkvN2vpR8A"], ["LIMIT", 1]]
  ↳ app/controllers/application_controller.rb:5
  [1m[35m (0.2ms)[0m  [1m[35mBEGIN[0m
  ↳ app/controllers/subs_controller.rb:17
  [1m[36mUser Load (0.3ms)[0m  [1m[34mSELECT  "users".* FROM "users" WHERE "users"."id" = $1 LIMIT $2[0m  [["id", 3], ["LIMIT", 1]]
  ↳ app/controllers/subs_controller.rb:17
  [1m[36mSub Create (12.6ms)[0m  [1m[32mINSERT INTO "subs" ("title", "description", "mod_id", "created_at", "updated_at") VALUES ($1, $2, $3, $4, $5) RETURNING "id"[0m  [["title", "Junk"], ["description", "I wish they would stop making that noise "], ["mod_id", 3], ["created_at", "2022-04-08 22:39:21.508534"], ["updated_at", "2022-04-08 22:39:21.508534"]]
  ↳ app/controllers/subs_controller.rb:17
  [1m[35m (5.8ms)[0m  [1m[35mCOMMIT[0m
  ↳ app/controllers/subs_controller.rb:17
Redirected to http://localhost:3000/subs/1
Completed 302 Found in 85ms (ActiveRecord: 21.9ms)


Started GET "/subs/1" for ::1 at 2022-04-08 15:39:21 -0700
Processing by SubsController#show as HTML
  Parameters: {"id"=>"1"}
  [1m[36mSub Load (0.3ms)[0m  [1m[34mSELECT  "subs".* FROM "subs" WHERE "subs"."id" = $1 LIMIT $2[0m  [["id", 1], ["LIMIT", 1]]
  ↳ app/controllers/subs_controller.rb:10
  Rendering subs/show.html.erb within layouts/application
  Rendered subs/show.html.erb within layouts/application (1.5ms)
  [1m[36mUser Load (0.4ms)[0m  [1m[34mSELECT  "users".* FROM "users" WHERE "users"."session_token" = $1 LIMIT $2[0m  [["session_token", "rihJ0cdyj34XOkvN2vpR8A"], ["LIMIT", 1]]
  ↳ app/controllers/application_controller.rb:5
Completed 200 OK in 42ms (Views: 39.6ms | ActiveRecord: 0.7ms)


Started POST "/session" for ::1 at 2022-04-08 15:39:30 -0700
Processing by SessionsController#create as HTML
  Parameters: {"authenticity_token"=>"Syy72hURtKpdmpG3jiNWD+bMSl34K4qqeDgf0C+4d8o7VzDSOaD1SHuRH8XFW9gZMe1f49Uuu7UUpzfMdXuQxg=="}
Completed 500 Internal Server Error in 2ms (ActiveRecord: 0.0ms)



NoMethodError - undefined method `[]' for nil:NilClass:
  app/controllers/sessions_controller.rb:8:in `create'

Started POST "/__better_errors/b321db829c387dc1/variables" for ::1 at 2022-04-08 15:39:30 -0700
Started POST "/session" for ::1 at 2022-04-08 15:42:08 -0700
Processing by SessionsController#create as HTML
  Parameters: {"authenticity_token"=>"Syy72hURtKpdmpG3jiNWD+bMSl34K4qqeDgf0C+4d8o7VzDSOaD1SHuRH8XFW9gZMe1f49Uuu7UUpzfMdXuQxg=="}
Completed 500 Internal Server Error in 2ms (ActiveRecord: 0.0ms)



NoMethodError - undefined method `[]' for nil:NilClass:
  app/controllers/sessions_controller.rb:8:in `create'

Started POST "/__better_errors/d140e8d182a52942/variables" for ::1 at 2022-04-08 15:42:08 -0700
Started POST "/session" for ::1 at 2022-04-08 15:42:19 -0700
Processing by SessionsController#create as HTML
  Parameters: {"authenticity_token"=>"Syy72hURtKpdmpG3jiNWD+bMSl34K4qqeDgf0C+4d8o7VzDSOaD1SHuRH8XFW9gZMe1f49Uuu7UUpzfMdXuQxg=="}
Completed 500 Internal Server Error in 3ms (ActiveRecord: 0.0ms)



NoMethodError - undefined method `[]' for nil:NilClass:
  app/controllers/sessions_controller.rb:8:in `create'

Started POST "/__better_errors/3723f2f30c9a8cf1/variables" for ::1 at 2022-04-08 15:42:19 -0700
Started GET "/subs/new" for ::1 at 2022-04-08 15:43:25 -0700
Processing by SubsController#new as HTML
  Rendering subs/new.html.erb within layouts/application
  Rendered subs/new.html.erb within layouts/application (1.0ms)
  [1m[36mUser Load (0.4ms)[0m  [1m[34mSELECT  "users".* FROM "users" WHERE "users"."session_token" = $1 LIMIT $2[0m  [["session_token", "rihJ0cdyj34XOkvN2vpR8A"], ["LIMIT", 1]]
  ↳ app/controllers/application_controller.rb:5
Completed 200 OK in 52ms (Views: 48.3ms | ActiveRecord: 0.4ms)


Started POST "/session/new" for ::1 at 2022-04-08 15:44:29 -0700
  
ActionController::RoutingError (No route matches [POST] "/session/new"):
  
actionpack (5.2.7) lib/action_dispatch/middleware/debug_exceptions.rb:65:in `call'
web-console (3.7.0) lib/web_console/middleware.rb:135:in `call_app'
web-console (3.7.0) lib/web_console/middleware.rb:30:in `block in call'
web-console (3.7.0) lib/web_console/middleware.rb:20:in `catch'
web-console (3.7.0) lib/web_console/middleware.rb:20:in `call'
actionpack (5.2.7) lib/action_dispatch/middleware/show_exceptions.rb:33:in `call'
railties (5.2.7) lib/rails/rack/logger.rb:38:in `call_app'
railties (5.2.7) lib/rails/rack/logger.rb:26:in `block in call'
activesupport (5.2.7) lib/active_support/tagged_logging.rb:71:in `block in tagged'
activesupport (5.2.7) lib/active_support/tagged_logging.rb:28:in `tagged'
activesupport (5.2.7) lib/active_support/tagged_logging.rb:71:in `tagged'
railties (5.2.7) lib/rails/rack/logger.rb:26:in `call'
sprockets-rails (3.4.2) lib/sprockets/rails/quiet_assets.rb:13:in `call'
actionpack (5.2.7) lib/action_dispatch/middleware/remote_ip.rb:81:in `call'
actionpack (5.2.7) lib/action_dispatch/middleware/request_id.rb:27:in `call'
rack (2.2.3) lib/rack/method_override.rb:24:in `call'
rack (2.2.3) lib/rack/runtime.rb:22:in `call'
activesupport (5.2.7) lib/active_support/cache/strategy/local_cache_middleware.rb:29:in `call'
actionpack (5.2.7) lib/action_dispatch/middleware/executor.rb:14:in `call'
actionpack (5.2.7) lib/action_dispatch/middleware/static.rb:127:in `call'
rack (2.2.3) lib/rack/sendfile.rb:110:in `call'
railties (5.2.7) lib/rails/engine.rb:524:in `call'
puma (3.12.6) lib/puma/configuration.rb:227:in `call'
puma (3.12.6) lib/puma/server.rb:706:in `handle_request'
puma (3.12.6) lib/puma/server.rb:476:in `process_client'
puma (3.12.6) lib/puma/server.rb:334:in `block in run'
puma (3.12.6) lib/puma/thread_pool.rb:135:in `block in spawn_thread'
Started GET "/subs/new" for ::1 at 2022-04-08 15:44:49 -0700
Processing by SubsController#new as HTML
  Rendering subs/new.html.erb within layouts/application
  Rendered subs/new.html.erb within layouts/application (0.9ms)
  [1m[36mUser Load (0.3ms)[0m  [1m[34mSELECT  "users".* FROM "users" WHERE "users"."session_token" = $1 LIMIT $2[0m  [["session_token", "rihJ0cdyj34XOkvN2vpR8A"], ["LIMIT", 1]]
  ↳ app/controllers/application_controller.rb:5
Completed 200 OK in 53ms (Views: 49.1ms | ActiveRecord: 0.3ms)


Started DELETE "/session" for ::1 at 2022-04-08 15:44:51 -0700
Processing by SessionsController#destroy as HTML
  Parameters: {"authenticity_token"=>"jvtkEGQSpZjdF4bH7DBExqTALNQQL9aCxDd7NwwL6VX+gO8YSKPkevscCLWnSMrQc+E5aj0q552oqFMrVsgOWQ=="}
  [1m[36mUser Load (0.3ms)[0m  [1m[34mSELECT  "users".* FROM "users" WHERE "users"."session_token" = $1 LIMIT $2[0m  [["session_token", "rihJ0cdyj34XOkvN2vpR8A"], ["LIMIT", 1]]
  ↳ app/controllers/application_controller.rb:5
  [1m[35m (0.3ms)[0m  [1m[35mBEGIN[0m
  ↳ app/models/user.rb:48
  [1m[36mUser Exists (0.4ms)[0m  [1m[34mSELECT  1 AS one FROM "users" WHERE "users"."username" = $1 AND "users"."id" != $2 LIMIT $3[0m  [["username", "Jerry"], ["id", 3], ["LIMIT", 1]]
  ↳ app/models/user.rb:48
  [1m[36mUser Exists (0.4ms)[0m  [1m[34mSELECT  1 AS one FROM "users" WHERE "users"."session_token" = $1 AND "users"."id" != $2 LIMIT $3[0m  [["session_token", "1nvHh5sZ8KnIHjGjysEmrg"], ["id", 3], ["LIMIT", 1]]
  ↳ app/models/user.rb:48
  [1m[36mUser Update (0.4ms)[0m  [1m[33mUPDATE "users" SET "session_token" = $1, "updated_at" = $2 WHERE "users"."id" = $3[0m  [["session_token", "1nvHh5sZ8KnIHjGjysEmrg"], ["updated_at", "2022-04-08 22:44:51.270801"], ["id", 3]]
  ↳ app/models/user.rb:48
  [1m[35m (0.6ms)[0m  [1m[35mCOMMIT[0m
  ↳ app/models/user.rb:48
Redirected to http://localhost:3000/session/new
Completed 302 Found in 11ms (ActiveRecord: 2.3ms)


Started GET "/session/new" for ::1 at 2022-04-08 15:44:51 -0700
Processing by SessionsController#new as HTML
  Rendering sessions/new.html.erb within layouts/application
  Rendered sessions/new.html.erb within layouts/application (1.0ms)
  [1m[36mUser Load (0.4ms)[0m  [1m[34mSELECT  "users".* FROM "users" WHERE "users"."session_token" IS NULL LIMIT $1[0m  [["LIMIT", 1]]
  ↳ app/controllers/application_controller.rb:5
  [1m[36mCACHE User Load (0.0ms)[0m  [1m[34mSELECT  "users".* FROM "users" WHERE "users"."session_token" IS NULL LIMIT $1[0m  [["LIMIT", 1]]
  ↳ app/controllers/application_controller.rb:5
Completed 200 OK in 52ms (Views: 50.9ms | ActiveRecord: 0.4ms)


